<?xml version="1.0" encoding="UTF-8"?>
<!-- Generated by org.testng.reporters.JUnitReportReporter -->
<testsuite hostname="DESKTOP-S59UCKE" failures="0" tests="3" name="com.orangehrm.test.LaunchLoginPage" time="37.702" errors="0" timestamp="2024-12-06T01:57:33 GMT-05:00" skipped="0">
  <testcase classname="com.orangehrm.test.LaunchLoginPage" name="LaunchLoginPageTest1" time="15.178"/>
  <testcase classname="com.orangehrm.test.LaunchLoginPage" name="LaunchLoginPageTest1" time="11.327"/>
  <testcase classname="com.orangehrm.test.LaunchLoginPage" name="LaunchLoginPageTest1" time="11.197"/>
</testsuite> <!-- com.orangehrm.test.LaunchLoginPage -->
