<?xml version="1.0" encoding="UTF-8"?>
<!-- Generated by org.testng.reporters.JUnitReportReporter -->
<testsuite hostname="DESKTOP-S59UCKE" failures="0" tests="1" name="com.tmb.tests.LoginPageTests" time="7.833" errors="0" timestamp="2025-01-05T12:12:04 GMT-05:00" skipped="0">
  <testcase classname="com.tmb.tests.LoginPageTests" name="test1" time="7.833"/>
</testsuite> <!-- com.tmb.tests.LoginPageTests -->
