<?xml version="1.0" encoding="UTF-8"?>
<!-- Generated by org.testng.reporters.JUnitReportReporter -->
<testsuite hostname="DESKTOP-S59UCKE" failures="0" tests="1" name="com.smartfolio.extentreports.ExtentReportsDemo" time="3.647" errors="0" timestamp="2024-12-16T21:39:35 GMT-05:00" skipped="0">
  <testcase classname="com.smartfolio.extentreports.ExtentReportsDemo" name="test1" time="3.647"/>
</testsuite> <!-- com.smartfolio.extentreports.ExtentReportsDemo -->
