<?xml version="1.0" encoding="UTF-8"?>
<!-- Generated by org.testng.reporters.JUnitReportReporter -->
<testsuite hostname="DESKTOP-S59UCKE" failures="0" tests="1" name="com.tmb.tests.OrangeHRMTests" time="24.402" errors="0" timestamp="2025-01-15T20:26:45 GMT-05:00" skipped="0">
  <testcase classname="com.tmb.tests.OrangeHRMTests" name="loginLogoutTest" time="24.402"/>
</testsuite> <!-- com.tmb.tests.OrangeHRMTests -->
